[debug] [2026-01-23T16:43:23.340Z] [Firebase Plugin] Activating Firebase extension.
[debug] [2026-01-23T16:45:04.584Z] [Firebase Plugin] requireAuthWrapper
[debug] [2026-01-23T16:45:04.700Z] > command requires scopes: ["email","openid","https://www.googleapis.com/auth/cloudplatformprojects.readonly","https://www.googleapis.com/auth/firebase","https://www.googleapis.com/auth/cloud-platform"]
[debug] [2026-01-23T16:45:04.702Z] > authorizing via signed-in user (upendranayanajithup@gmail.com)
[debug] [2026-01-23T16:45:04.720Z] Checked if tokens are valid: false, expires at: 1769068402953
[debug] [2026-01-23T16:45:04.724Z] Checked if tokens are valid: false, expires at: 1769068402953
[debug] [2026-01-23T16:45:04.728Z] > refreshing access token with scopes: []
[debug] [2026-01-23T16:45:04.736Z] >>> [apiv2][query] POST https://www.googleapis.com/oauth2/v3/token [none]
[debug] [2026-01-23T16:45:04.738Z] >>> [apiv2][body] POST https://www.googleapis.com/oauth2/v3/token [omitted]
[debug] [2026-01-23T16:45:04.814Z] [Firebase Plugin] VSCode notification server listening on port 40001
[info] [Firebase Plugin] Starting Data Connect toolkit (version 3.0.2) on port 50001
[debug] [2026-01-23T16:45:07.179Z] I0123 22:15:07.100131   16128 control.go:100] [/emulator/v0-invoice-and-quotation-generator 22d7] UpdateResources(): done
Main schema: sources: schema\schema.gql [1992B] 
Connector "example": sources: example\mutations.gql [1243B] example\queries.gql [1801B] 
 {"metadata":{"emulator":{"name":"dataconnect"},"message":"I0123 22:15:07.100131   16128 control.go:100] [/emulator/v0-invoice-and-quotation-generator 22d7] UpdateResources(): done\nMain schema: sources: schema\\schema.gql [1992B] \nConnector \"example\": sources: example\\mutations.gql [1243B] example\\queries.gql [1801B] \n"}}
[debug] [2026-01-23T16:45:07.182Z] Ignoring unsupported arg: auto_download {"metadata":{"emulator":{"name":"dataconnect"},"message":"Ignoring unsupported arg: auto_download"}}
[debug] [2026-01-23T16:45:07.182Z] Ignoring unsupported arg: port {"metadata":{"emulator":{"name":"dataconnect"},"message":"Ignoring unsupported arg: port"}}
[debug] [2026-01-23T16:45:07.183Z] Starting Data Connect Emulator with command {"binary":"C:\\Users\\upend\\.cache\\firebase\\emulators\\dataconnect-emulator-3.0.2.exe","args":["--logtostderr","-v=2","dev","--listen=localhost:50001","--config_dir=d:\\v0-invoice-and-quotation-generator\\dataconnect","--enable_output_schema_extensions=true","--enable_output_generated_sdk=true"],"optionalArgs":["listen","config_dir","enable_output_schema_extensions","enable_output_generated_sdk"],"joinArgs":true,"shell":false,"port":9399} {"metadata":{"emulator":{"name":"dataconnect"},"message":"Starting Data Connect Emulator with command {\"binary\":\"C:\\\\Users\\\\upend\\\\.cache\\\\firebase\\\\emulators\\\\dataconnect-emulator-3.0.2.exe\",\"args\":[\"--logtostderr\",\"-v=2\",\"dev\",\"--listen=localhost:50001\",\"--config_dir=d:\\\\v0-invoice-and-quotation-generator\\\\dataconnect\",\"--enable_output_schema_extensions=true\",\"--enable_output_generated_sdk=true\"],\"optionalArgs\":[\"listen\",\"config_dir\",\"enable_output_schema_extensions\",\"enable_output_generated_sdk\"],\"joinArgs\":true,\"shell\":false,\"port\":9399}"}}
[info] i  dataconnect: Data Connect Emulator logging to dataconnect-debug.log {"metadata":{"emulator":{"name":"dataconnect"},"message":"Data Connect Emulator logging to \u001b[1mdataconnect-debug.log\u001b[22m"}}
[debug] [2026-01-23T16:45:07.392Z] I0123 22:15:07.379170    3368 load.go:31] Reloading schema and connectors...
 {"metadata":{"emulator":{"name":"dataconnect"},"message":"I0123 22:15:07.379170    3368 load.go:31] Reloading schema and connectors...\n"}}
[debug] [2026-01-23T16:45:07.615Z] I0123 22:15:07.613600    3368 control.go:100] [/emulator/v0-invoice-and-quotation-generator b5e6] UpdateResources(): done
Main schema: sources: schema\schema.gql [1992B] 
Connector "example": sources: example\mutations.gql [1243B] example\queries.gql [1801B] 
 {"metadata":{"emulator":{"name":"dataconnect"},"message":"I0123 22:15:07.613600    3368 control.go:100] [/emulator/v0-invoice-and-quotation-generator b5e6] UpdateResources(): done\nMain schema: sources: schema\\schema.gql [1992B] \nConnector \"example\": sources: example\\mutations.gql [1243B] example\\queries.gql [1801B] \n"}}
[debug] [2026-01-23T16:45:07.768Z] I0123 22:15:07.767889    3368 codegen.go:80] [connector "example" javascriptSdk] Generating sources into "d:\\v0-invoice-and-quotation-generator\\src\\dataconnect-generated"
 {"metadata":{"emulator":{"name":"dataconnect"},"message":"I0123 22:15:07.767889    3368 codegen.go:80] [connector \"example\" javascriptSdk] Generating sources into \"d:\\\\v0-invoice-and-quotation-generator\\\\src\\\\dataconnect-generated\"\n"}}
[debug] [2026-01-23T16:45:07.831Z] I0123 22:15:07.830796    3368 collector.go:107] schema extensions wrote into "d:\\v0-invoice-and-quotation-generator\\dataconnect\\.dataconnect\\schema"
Generated sources: main\implicit.gql [1261B] main\input.gql [28173B] main\relation.gql [14318B] main\query.gql [5099B] main\mutation.gql [13679B] prelude.gql [73281B] 
 {"metadata":{"emulator":{"name":"dataconnect"},"message":"I0123 22:15:07.830796    3368 collector.go:107] schema extensions wrote into \"d:\\\\v0-invoice-and-quotation-generator\\\\dataconnect\\\\.dataconnect\\\\schema\"\nGenerated sources: main\\implicit.gql [1261B] main\\input.gql [28173B] main\\relation.gql [14318B] main\\query.gql [5099B] main\\mutation.gql [13679B] prelude.gql [73281B] \n"}}
[debug] [2026-01-23T16:45:07.879Z] I0123 22:15:07.878697    3368 collector.go:107] connector "example" javascriptSdk wrote into "d:\\v0-invoice-and-quotation-generator\\src\\dataconnect-generated"
Generated sources: esm\index.esm.js [3584B] README.md [40931B] react\package.json [460B] react\README.md [48299B] .guides/setup.md [1682B] package.json [863B] react\index.d.ts [3961B] esm\package.json [17B] index.cjs.js [4074B] react\esm\package.json [17B] react\esm\index.esm.js [3269B] .guides/config.json [236B] index.d.ts [8025B] react\index.cjs.js [3439B] .guides/usage.md [3489B] 
 {"metadata":{"emulator":{"name":"dataconnect"},"message":"I0123 22:15:07.878697    3368 collector.go:107] connector \"example\" javascriptSdk wrote into \"d:\\\\v0-invoice-and-quotation-generator\\\\src\\\\dataconnect-generated\"\nGenerated sources: esm\\index.esm.js [3584B] README.md [40931B] react\\package.json [460B] react\\README.md [48299B] .guides/setup.md [1682B] package.json [863B] react\\index.d.ts [3961B] esm\\package.json [17B] index.cjs.js [4074B] react\\esm\\package.json [17B] react\\esm\\index.esm.js [3269B] .guides/config.json [236B] index.d.ts [8025B] react\\index.cjs.js [3439B] .guides/usage.md [3489B] \n"}}
[debug] [2026-01-23T16:45:08.156Z] I0123 22:15:08.155028    3368 installsdk.go:55] Package @dataconnect/generated is already installed. Skipping installation
 {"metadata":{"emulator":{"name":"dataconnect"},"message":"I0123 22:15:08.155028    3368 installsdk.go:55] Package @dataconnect/generated is already installed. Skipping installation\n"}}
[debug] [2026-01-23T16:45:08.159Z] I0123 22:15:08.156009    3368 load.go:109] Finished reloading
 {"metadata":{"emulator":{"name":"dataconnect"},"message":"I0123 22:15:08.156009    3368 load.go:109] Finished reloading\n"}}
[debug] [2026-01-23T16:45:08.261Z] I0123 22:15:08.260297    3368 dev.go:104] Listening on address (HTTP + gRPC): 127.0.0.1:50001
 {"metadata":{"emulator":{"name":"dataconnect"},"message":"I0123 22:15:08.260297    3368 dev.go:104] Listening on address (HTTP + gRPC): 127.0.0.1:50001\n"}}
[debug] [2026-01-23T16:45:08.470Z] I0123 22:15:08.468644    3368 engine.go:178] [/emulator/v0-invoice-and-quotation-generator b5e6] ExecuteGraphqlRead IntrospectionQuery: succeeded. 
 {"metadata":{"emulator":{"name":"dataconnect"},"message":"I0123 22:15:08.468644    3368 engine.go:178] [/emulator/v0-invoice-and-quotation-generator b5e6] ExecuteGraphqlRead IntrospectionQuery: succeeded. \n"}}
[debug] [2026-01-23T16:45:22.055Z] <<< [apiv2][status] POST https://www.googleapis.com/oauth2/v3/token 200
[debug] [2026-01-23T16:45:22.056Z] <<< [apiv2][body] POST https://www.googleapis.com/oauth2/v3/token [omitted]
[debug] [2026-01-23T16:45:22.161Z] [Firebase Plugin] User found:  upendranayanajithup@gmail.com
[info] [Firebase Plugin] (Core:Project) New user detected, fetching projects
[debug] [2026-01-23T16:45:22.167Z] Checked if tokens are valid: true, expires at: 1769190321057
[debug] [2026-01-23T16:45:22.171Z] >>> [apiv2][query] GET https://firebase.googleapis.com/v1beta1/projects pageSize=1000
[debug] [2026-01-23T16:45:25.695Z] <<< [apiv2][status] GET https://firebase.googleapis.com/v1beta1/projects 200
[debug] [2026-01-23T16:45:25.696Z] <<< [apiv2][body] GET https://firebase.googleapis.com/v1beta1/projects [omitted]
[info] [Firebase Plugin] Stopping Data Connect toolkit
[warn] !  Data Connect Emulator has exited upon receiving signal: SIGINT 
[debug] [2026-01-24T15:09:49.693Z] [Firebase Plugin] Activating Firebase extension.
[debug] [2026-01-24T15:10:00.717Z] [Firebase Plugin] requireAuthWrapper
[debug] [2026-01-24T15:10:00.727Z] > command requires scopes: ["email","openid","https://www.googleapis.com/auth/cloudplatformprojects.readonly","https://www.googleapis.com/auth/firebase","https://www.googleapis.com/auth/cloud-platform"]
[debug] [2026-01-24T15:10:00.729Z] > authorizing via signed-in user (upendranayanajithup@gmail.com)
[debug] [2026-01-24T15:10:00.742Z] Checked if tokens are valid: false, expires at: 1769190321057
[debug] [2026-01-24T15:10:00.744Z] Checked if tokens are valid: false, expires at: 1769190321057
[debug] [2026-01-24T15:10:00.746Z] > refreshing access token with scopes: []
[debug] [2026-01-24T15:10:00.752Z] >>> [apiv2][query] POST https://www.googleapis.com/oauth2/v3/token [none]
[debug] [2026-01-24T15:10:00.753Z] >>> [apiv2][body] POST https://www.googleapis.com/oauth2/v3/token [omitted]
[debug] [2026-01-24T15:10:00.800Z] [Firebase Plugin] VSCode notification server listening on port 40001
[info] [Firebase Plugin] Starting Data Connect toolkit (version 3.0.2) on port 50001
[debug] [2026-01-24T15:10:06.966Z] I0124 20:40:05.572098    2392 control.go:100] [/emulator/v0-invoice-and-quotation-generator 454c] UpdateResources(): done
Main schema: sources: schema\schema.gql [1992B] 
Connector "example": sources: example\mutations.gql [1243B] example\queries.gql [1801B] 
 {"metadata":{"emulator":{"name":"dataconnect"},"message":"I0124 20:40:05.572098    2392 control.go:100] [/emulator/v0-invoice-and-quotation-generator 454c] UpdateResources(): done\nMain schema: sources: schema\\schema.gql [1992B] \nConnector \"example\": sources: example\\mutations.gql [1243B] example\\queries.gql [1801B] \n"}}
[debug] [2026-01-24T15:10:08.811Z] Ignoring unsupported arg: auto_download {"metadata":{"emulator":{"name":"dataconnect"},"message":"Ignoring unsupported arg: auto_download"}}
[debug] [2026-01-24T15:10:08.813Z] Ignoring unsupported arg: port {"metadata":{"emulator":{"name":"dataconnect"},"message":"Ignoring unsupported arg: port"}}
[debug] [2026-01-24T15:10:08.816Z] Starting Data Connect Emulator with command {"binary":"C:\\Users\\upend\\.cache\\firebase\\emulators\\dataconnect-emulator-3.0.2.exe","args":["--logtostderr","-v=2","dev","--listen=localhost:50001","--config_dir=d:\\v0-invoice-and-quotation-generator\\dataconnect","--enable_output_schema_extensions=true","--enable_output_generated_sdk=true"],"optionalArgs":["listen","config_dir","enable_output_schema_extensions","enable_output_generated_sdk"],"joinArgs":true,"shell":false,"port":9399} {"metadata":{"emulator":{"name":"dataconnect"},"message":"Starting Data Connect Emulator with command {\"binary\":\"C:\\\\Users\\\\upend\\\\.cache\\\\firebase\\\\emulators\\\\dataconnect-emulator-3.0.2.exe\",\"args\":[\"--logtostderr\",\"-v=2\",\"dev\",\"--listen=localhost:50001\",\"--config_dir=d:\\\\v0-invoice-and-quotation-generator\\\\dataconnect\",\"--enable_output_schema_extensions=true\",\"--enable_output_generated_sdk=true\"],\"optionalArgs\":[\"listen\",\"config_dir\",\"enable_output_schema_extensions\",\"enable_output_generated_sdk\"],\"joinArgs\":true,\"shell\":false,\"port\":9399}"}}
[info] i  dataconnect: Data Connect Emulator logging to dataconnect-debug.log {"metadata":{"emulator":{"name":"dataconnect"},"message":"Data Connect Emulator logging to \u001b[1mdataconnect-debug.log\u001b[22m"}}
[debug] [2026-01-24T15:10:09.310Z] I0124 20:40:09.123671    9612 load.go:31] Reloading schema and connectors...
 {"metadata":{"emulator":{"name":"dataconnect"},"message":"I0124 20:40:09.123671    9612 load.go:31] Reloading schema and connectors...\n"}}
[debug] [2026-01-24T15:10:10.476Z] I0124 20:40:09.550528    9612 control.go:100] [/emulator/v0-invoice-and-quotation-generator aa88] UpdateResources(): done
Main schema: sources: schema\schema.gql [1992B] 
Connector "example": sources: example\mutations.gql [1243B] example\queries.gql [1801B] 
 {"metadata":{"emulator":{"name":"dataconnect"},"message":"I0124 20:40:09.550528    9612 control.go:100] [/emulator/v0-invoice-and-quotation-generator aa88] UpdateResources(): done\nMain schema: sources: schema\\schema.gql [1992B] \nConnector \"example\": sources: example\\mutations.gql [1243B] example\\queries.gql [1801B] \n"}}
[debug] [2026-01-24T15:10:10.688Z] I0124 20:40:10.637329    9612 codegen.go:80] [connector "example" javascriptSdk] Generating sources into "d:\\v0-invoice-and-quotation-generator\\src\\dataconnect-generated"
 {"metadata":{"emulator":{"name":"dataconnect"},"message":"I0124 20:40:10.637329    9612 codegen.go:80] [connector \"example\" javascriptSdk] Generating sources into \"d:\\\\v0-invoice-and-quotation-generator\\\\src\\\\dataconnect-generated\"\n"}}
[debug] [2026-01-24T15:10:11.455Z] <<< [apiv2][status] POST https://www.googleapis.com/oauth2/v3/token 200
[debug] [2026-01-24T15:10:11.456Z] <<< [apiv2][body] POST https://www.googleapis.com/oauth2/v3/token [omitted]
[debug] [2026-01-24T15:10:11.566Z] [Firebase Plugin] User found:  upendranayanajithup@gmail.com
[info] [Firebase Plugin] (Core:Project) New user detected, fetching projects
[debug] [2026-01-24T15:10:11.580Z] Checked if tokens are valid: true, expires at: 1769271010458
[debug] [2026-01-24T15:10:11.583Z] >>> [apiv2][query] GET https://firebase.googleapis.com/v1beta1/projects pageSize=1000
[debug] [2026-01-24T15:10:11.778Z] I0124 20:40:11.602661    9612 collector.go:107] schema extensions wrote into "d:\\v0-invoice-and-quotation-generator\\dataconnect\\.dataconnect\\schema"
Generated sources: prelude.gql [73281B] main\implicit.gql [1261B] main\input.gql [28173B] main\relation.gql [14318B] main\query.gql [5099B] main\mutation.gql [13679B] 
 {"metadata":{"emulator":{"name":"dataconnect"},"message":"I0124 20:40:11.602661    9612 collector.go:107] schema extensions wrote into \"d:\\\\v0-invoice-and-quotation-generator\\\\dataconnect\\\\.dataconnect\\\\schema\"\nGenerated sources: prelude.gql [73281B] main\\implicit.gql [1261B] main\\input.gql [28173B] main\\relation.gql [14318B] main\\query.gql [5099B] main\\mutation.gql [13679B] \n"}}
[debug] [2026-01-24T15:10:15.162Z] I0124 20:40:11.989598    9612 collector.go:107] connector "example" javascriptSdk wrote into "d:\\v0-invoice-and-quotation-generator\\src\\dataconnect-generated"
Generated sources: index.d.ts [8025B] react\package.json [460B] react\esm\index.esm.js [3269B] react\README.md [48299B] .guides/setup.md [1682B] esm\index.esm.js [3584B] esm\package.json [17B] package.json [863B] react\esm\package.json [17B] react\index.cjs.js [3439B] .guides/config.json [236B] README.md [40931B] index.cjs.js [4074B] react\index.d.ts [3961B] .guides/usage.md [3489B] 
I0124 20:40:14.568117    9612 installsdk.go:55] Package @dataconnect/generated is already installed. Skipping installation
I0124 20:40:14.569124    9612 load.go:109] Finished reloading
 {"metadata":{"emulator":{"name":"dataconnect"},"message":"I0124 20:40:11.989598    9612 collector.go:107] connector \"example\" javascriptSdk wrote into \"d:\\\\v0-invoice-and-quotation-generator\\\\src\\\\dataconnect-generated\"\nGenerated sources: index.d.ts [8025B] react\\package.json [460B] react\\esm\\index.esm.js [3269B] react\\README.md [48299B] .guides/setup.md [1682B] esm\\index.esm.js [3584B] esm\\package.json [17B] package.json [863B] react\\esm\\package.json [17B] react\\index.cjs.js [3439B] .guides/config.json [236B] README.md [40931B] index.cjs.js [4074B] react\\index.d.ts [3961B] .guides/usage.md [3489B] \nI0124 20:40:14.568117    9612 installsdk.go:55] Package @dataconnect/generated is already installed. Skipping installation\nI0124 20:40:14.569124    9612 load.go:109] Finished reloading\n"}}
[debug] [2026-01-24T15:10:15.370Z] I0124 20:40:15.123082    9612 dev.go:104] Listening on address (HTTP + gRPC): 127.0.0.1:50001
 {"metadata":{"emulator":{"name":"dataconnect"},"message":"I0124 20:40:15.123082    9612 dev.go:104] Listening on address (HTTP + gRPC): 127.0.0.1:50001\n"}}
[debug] [2026-01-24T15:10:15.878Z] <<< [apiv2][status] GET https://firebase.googleapis.com/v1beta1/projects 200
[debug] [2026-01-24T15:10:15.888Z] <<< [apiv2][body] GET https://firebase.googleapis.com/v1beta1/projects [omitted]
[debug] [2026-01-24T15:10:18.255Z] I0124 20:40:18.129966    9612 engine.go:178] [/emulator/v0-invoice-and-quotation-generator aa88] ExecuteGraphqlRead IntrospectionQuery: succeeded. 
 {"metadata":{"emulator":{"name":"dataconnect"},"message":"I0124 20:40:18.129966    9612 engine.go:178] [/emulator/v0-invoice-and-quotation-generator aa88] ExecuteGraphqlRead IntrospectionQuery: succeeded. \n"}}
[info] [Firebase Plugin] Stopping Data Connect toolkit
[warn] !  Data Connect Emulator has exited upon receiving signal: SIGINT 
[debug] [2026-01-26T16:40:42.460Z] [Firebase Plugin] Activating Firebase extension.
[debug] [2026-01-26T16:40:51.944Z] [Firebase Plugin] requireAuthWrapper
[debug] [2026-01-26T16:40:51.950Z] > command requires scopes: ["email","openid","https://www.googleapis.com/auth/cloudplatformprojects.readonly","https://www.googleapis.com/auth/firebase","https://www.googleapis.com/auth/cloud-platform"]
[debug] [2026-01-26T16:40:51.951Z] > authorizing via signed-in user (upendranayanajithup@gmail.com)
[debug] [2026-01-26T16:40:51.956Z] Checked if tokens are valid: false, expires at: 1769271010458
[debug] [2026-01-26T16:40:51.956Z] Checked if tokens are valid: false, expires at: 1769271010458
[debug] [2026-01-26T16:40:51.957Z] > refreshing access token with scopes: []
[debug] [2026-01-26T16:40:51.959Z] >>> [apiv2][query] POST https://www.googleapis.com/oauth2/v3/token [none]
[debug] [2026-01-26T16:40:51.960Z] >>> [apiv2][body] POST https://www.googleapis.com/oauth2/v3/token [omitted]
[debug] [2026-01-26T16:40:51.993Z] [Firebase Plugin] VSCode notification server listening on port 40001
[info] [Firebase Plugin] Starting Data Connect toolkit (version 3.0.2) on port 50001
[debug] [2026-01-26T16:40:55.352Z] I0126 22:10:55.282213   15428 control.go:100] [/emulator/v0-invoice-and-quotation-generator 80ac] UpdateResources(): done
Main schema: sources: schema\schema.gql [1992B] 
Connector "example": sources: example\mutations.gql [1243B] example\queries.gql [1801B] 
 {"metadata":{"emulator":{"name":"dataconnect"},"message":"I0126 22:10:55.282213   15428 control.go:100] [/emulator/v0-invoice-and-quotation-generator 80ac] UpdateResources(): done\nMain schema: sources: schema\\schema.gql [1992B] \nConnector \"example\": sources: example\\mutations.gql [1243B] example\\queries.gql [1801B] \n"}}
[debug] [2026-01-26T16:40:55.353Z] Ignoring unsupported arg: auto_download {"metadata":{"emulator":{"name":"dataconnect"},"message":"Ignoring unsupported arg: auto_download"}}
[debug] [2026-01-26T16:40:55.354Z] Ignoring unsupported arg: port {"metadata":{"emulator":{"name":"dataconnect"},"message":"Ignoring unsupported arg: port"}}
[debug] [2026-01-26T16:40:55.355Z] Starting Data Connect Emulator with command {"binary":"C:\\Users\\upend\\.cache\\firebase\\emulators\\dataconnect-emulator-3.0.2.exe","args":["--logtostderr","-v=2","dev","--listen=localhost:50001","--config_dir=d:\\v0-invoice-and-quotation-generator\\dataconnect","--enable_output_schema_extensions=true","--enable_output_generated_sdk=true"],"optionalArgs":["listen","config_dir","enable_output_schema_extensions","enable_output_generated_sdk"],"joinArgs":true,"shell":false,"port":9399} {"metadata":{"emulator":{"name":"dataconnect"},"message":"Starting Data Connect Emulator with command {\"binary\":\"C:\\\\Users\\\\upend\\\\.cache\\\\firebase\\\\emulators\\\\dataconnect-emulator-3.0.2.exe\",\"args\":[\"--logtostderr\",\"-v=2\",\"dev\",\"--listen=localhost:50001\",\"--config_dir=d:\\\\v0-invoice-and-quotation-generator\\\\dataconnect\",\"--enable_output_schema_extensions=true\",\"--enable_output_generated_sdk=true\"],\"optionalArgs\":[\"listen\",\"config_dir\",\"enable_output_schema_extensions\",\"enable_output_generated_sdk\"],\"joinArgs\":true,\"shell\":false,\"port\":9399}"}}
[info] i  dataconnect: Data Connect Emulator logging to dataconnect-debug.log {"metadata":{"emulator":{"name":"dataconnect"},"message":"Data Connect Emulator logging to \u001b[1mdataconnect-debug.log\u001b[22m"}}
[debug] [2026-01-26T16:40:55.659Z] I0126 22:10:55.486049   14380 load.go:31] Reloading schema and connectors...
 {"metadata":{"emulator":{"name":"dataconnect"},"message":"I0126 22:10:55.486049   14380 load.go:31] Reloading schema and connectors...\n"}}
[info] [Firebase Plugin] Stopping Data Connect toolkit
[debug] [2026-02-01T06:37:07.938Z] [Firebase Plugin] Activating Firebase extension.
[debug] [2026-02-01T06:37:16.671Z] [Firebase Plugin] requireAuthWrapper
[debug] [2026-02-01T06:37:16.704Z] > command requires scopes: ["email","openid","https://www.googleapis.com/auth/cloudplatformprojects.readonly","https://www.googleapis.com/auth/firebase","https://www.googleapis.com/auth/cloud-platform"]
[debug] [2026-02-01T06:37:16.705Z] > authorizing via signed-in user (upendranayanajithup@gmail.com)
[debug] [2026-02-01T06:37:16.716Z] Checked if tokens are valid: false, expires at: 1769925631073
[debug] [2026-02-01T06:37:16.717Z] Checked if tokens are valid: false, expires at: 1769925631073
[debug] [2026-02-01T06:37:16.719Z] > refreshing access token with scopes: []
[debug] [2026-02-01T06:37:16.723Z] >>> [apiv2][query] POST https://www.googleapis.com/oauth2/v3/token [none]
[debug] [2026-02-01T06:37:16.724Z] >>> [apiv2][body] POST https://www.googleapis.com/oauth2/v3/token [omitted]
[debug] [2026-02-01T06:37:16.765Z] [Firebase Plugin] VSCode notification server listening on port 40001
[info] [Firebase Plugin] Starting Data Connect toolkit (version 3.1.1) on port 50001
[info] i  dataconnect: downloading dataconnect-emulator-3.1.1.exe... {"metadata":{"emulator":{"name":"dataconnect"},"message":"downloading dataconnect-emulator-3.1.1.exe..."}}
[debug] [2026-02-01T06:37:17.687Z] >>> [apiv2][query] GET https://storage.googleapis.com/firemat-preview-drop/emulator/dataconnect-emulator-windows-amd64-v3.1.1 
[debug] [2026-02-01T06:37:19.074Z] <<< [apiv2][status] GET https://storage.googleapis.com/firemat-preview-drop/emulator/dataconnect-emulator-windows-amd64-v3.1.1 200
[debug] [2026-02-01T06:37:19.075Z] <<< [apiv2][body] GET https://storage.googleapis.com/firemat-preview-drop/emulator/dataconnect-emulator-windows-amd64-v3.1.1 [stream]
[debug] [2026-02-01T06:37:19.243Z] <<< [apiv2][status] POST https://www.googleapis.com/oauth2/v3/token 200
[debug] [2026-02-01T06:37:19.244Z] <<< [apiv2][body] POST https://www.googleapis.com/oauth2/v3/token [omitted]
[debug] [2026-02-01T06:37:19.314Z] [Firebase Plugin] User found:  upendranayanajithup@gmail.com
[info] [Firebase Plugin] (Core:Project) New user detected, fetching projects
[debug] [2026-02-01T06:37:19.319Z] Checked if tokens are valid: true, expires at: 1769931438245
[debug] [2026-02-01T06:37:19.325Z] >>> [apiv2][query] GET https://firebase.googleapis.com/v1beta1/projects pageSize=1000
[debug] [2026-02-01T06:37:22.518Z] <<< [apiv2][status] GET https://firebase.googleapis.com/v1beta1/projects 200
[debug] [2026-02-01T06:37:22.519Z] <<< [apiv2][body] GET https://firebase.googleapis.com/v1beta1/projects [omitted]
[info] i  dataconnect: Removing outdated emulator files: dataconnect-emulator-3.0.2.exe {"metadata":{"emulator":{"name":"dataconnect"},"message":"Removing outdated emulator files: dataconnect-emulator-3.0.2.exe"}}
[debug] [2026-02-01T06:37:31.746Z] I0201 12:07:31.648962    7232 control.go:100] [/emulator/v0-invoice-and-quotation-generator 6d53] UpdateResources(): done
Main schema: sources: schema\schema.gql [1992B] 
Connector "example": sources: example\mutations.gql [1243B] example\queries.gql [1801B] 
 {"metadata":{"emulator":{"name":"dataconnect"},"message":"I0201 12:07:31.648962    7232 control.go:100] [/emulator/v0-invoice-and-quotation-generator 6d53] UpdateResources(): done\nMain schema: sources: schema\\schema.gql [1992B] \nConnector \"example\": sources: example\\mutations.gql [1243B] example\\queries.gql [1801B] \n"}}
[debug] [2026-02-01T06:37:31.752Z] Ignoring unsupported arg: auto_download {"metadata":{"emulator":{"name":"dataconnect"},"message":"Ignoring unsupported arg: auto_download"}}
[debug] [2026-02-01T06:37:31.755Z] Ignoring unsupported arg: port {"metadata":{"emulator":{"name":"dataconnect"},"message":"Ignoring unsupported arg: port"}}
[debug] [2026-02-01T06:37:31.757Z] Starting Data Connect Emulator with command {"binary":"C:\\Users\\upend\\.cache\\firebase\\emulators\\dataconnect-emulator-3.1.1.exe","args":["--logtostderr","-v=2","dev","--listen=localhost:50001","--config_dir=d:\\v0-invoice-and-quotation-generator\\dataconnect","--enable_output_schema_extensions=true","--enable_output_generated_sdk=true"],"optionalArgs":["listen","config_dir","enable_output_schema_extensions","enable_output_generated_sdk"],"joinArgs":true,"shell":false,"port":9399} {"metadata":{"emulator":{"name":"dataconnect"},"message":"Starting Data Connect Emulator with command {\"binary\":\"C:\\\\Users\\\\upend\\\\.cache\\\\firebase\\\\emulators\\\\dataconnect-emulator-3.1.1.exe\",\"args\":[\"--logtostderr\",\"-v=2\",\"dev\",\"--listen=localhost:50001\",\"--config_dir=d:\\\\v0-invoice-and-quotation-generator\\\\dataconnect\",\"--enable_output_schema_extensions=true\",\"--enable_output_generated_sdk=true\"],\"optionalArgs\":[\"listen\",\"config_dir\",\"enable_output_schema_extensions\",\"enable_output_generated_sdk\"],\"joinArgs\":true,\"shell\":false,\"port\":9399}"}}
[info] i  dataconnect: Data Connect Emulator logging to dataconnect-debug.log {"metadata":{"emulator":{"name":"dataconnect"},"message":"Data Connect Emulator logging to \u001b[1mdataconnect-debug.log\u001b[22m"}}
[debug] [2026-02-01T06:37:32.414Z] I0201 12:07:32.411200   20432 load.go:31] Reloading schema and connectors...
 {"metadata":{"emulator":{"name":"dataconnect"},"message":"I0201 12:07:32.411200   20432 load.go:31] Reloading schema and connectors...\n"}}
[debug] [2026-02-01T06:37:32.589Z] I0201 12:07:32.589090   20432 control.go:100] [/emulator/v0-invoice-and-quotation-generator 5b16] UpdateResources(): done
Main schema: sources: schema\schema.gql [1992B] 
Connector "example": sources: example\mutations.gql [1243B] example\queries.gql [1801B] 
 {"metadata":{"emulator":{"name":"dataconnect"},"message":"I0201 12:07:32.589090   20432 control.go:100] [/emulator/v0-invoice-and-quotation-generator 5b16] UpdateResources(): done\nMain schema: sources: schema\\schema.gql [1992B] \nConnector \"example\": sources: example\\mutations.gql [1243B] example\\queries.gql [1801B] \n"}}
[debug] [2026-02-01T06:37:32.715Z] I0201 12:07:32.715184   20432 codegen.go:80] [connector "example" javascriptSdk] Generating sources into "d:\\v0-invoice-and-quotation-generator\\src\\dataconnect-generated"
 {"metadata":{"emulator":{"name":"dataconnect"},"message":"I0201 12:07:32.715184   20432 codegen.go:80] [connector \"example\" javascriptSdk] Generating sources into \"d:\\\\v0-invoice-and-quotation-generator\\\\src\\\\dataconnect-generated\"\n"}}
[debug] [2026-02-01T06:37:32.769Z] I0201 12:07:32.768244   20432 collector.go:107] schema extensions wrote into "d:\\v0-invoice-and-quotation-generator\\dataconnect\\.dataconnect\\schema"
Generated sources: main\input.gql [28173B] main\relation.gql [14318B] main\query.gql [5099B] prelude.gql [73281B] main\mutation.gql [13679B] main\implicit.gql [1261B] 
 {"metadata":{"emulator":{"name":"dataconnect"},"message":"I0201 12:07:32.768244   20432 collector.go:107] schema extensions wrote into \"d:\\\\v0-invoice-and-quotation-generator\\\\dataconnect\\\\.dataconnect\\\\schema\"\nGenerated sources: main\\input.gql [28173B] main\\relation.gql [14318B] main\\query.gql [5099B] prelude.gql [73281B] main\\mutation.gql [13679B] main\\implicit.gql [1261B] \n"}}
[debug] [2026-02-01T06:37:32.795Z] I0201 12:07:32.795231   20432 collector.go:107] connector "example" javascriptSdk wrote into "d:\\v0-invoice-and-quotation-generator\\src\\dataconnect-generated"
Generated sources: esm\index.esm.js [3584B] index.cjs.js [4074B] react\index.cjs.js [3439B] react\esm\index.esm.js [3269B] .guides/usage.md [3489B] index.d.ts [8025B] package.json [863B] react\index.d.ts [3961B] react\README.md [48299B] .guides/setup.md [1682B] esm\package.json [17B] README.md [40931B] react\package.json [460B] react\esm\package.json [17B] .guides/config.json [236B] 
 {"metadata":{"emulator":{"name":"dataconnect"},"message":"I0201 12:07:32.795231   20432 collector.go:107] connector \"example\" javascriptSdk wrote into \"d:\\\\v0-invoice-and-quotation-generator\\\\src\\\\dataconnect-generated\"\nGenerated sources: esm\\index.esm.js [3584B] index.cjs.js [4074B] react\\index.cjs.js [3439B] react\\esm\\index.esm.js [3269B] .guides/usage.md [3489B] index.d.ts [8025B] package.json [863B] react\\index.d.ts [3961B] react\\README.md [48299B] .guides/setup.md [1682B] esm\\package.json [17B] README.md [40931B] react\\package.json [460B] react\\esm\\package.json [17B] .guides/config.json [236B] \n"}}
[debug] [2026-02-01T06:37:33.059Z] I0201 12:07:33.030249   20432 installsdk.go:55] Package @dataconnect/generated is already installed. Skipping installation
I0201 12:07:33.030249   20432 load.go:109] Finished reloading
 {"metadata":{"emulator":{"name":"dataconnect"},"message":"I0201 12:07:33.030249   20432 installsdk.go:55] Package @dataconnect/generated is already installed. Skipping installation\nI0201 12:07:33.030249   20432 load.go:109] Finished reloading\n"}}
[debug] [2026-02-01T06:37:33.226Z] I0201 12:07:33.224218   20432 dev.go:104] Listening on address (HTTP + gRPC): 127.0.0.1:50001
 {"metadata":{"emulator":{"name":"dataconnect"},"message":"I0201 12:07:33.224218   20432 dev.go:104] Listening on address (HTTP + gRPC): 127.0.0.1:50001\n"}}
[debug] [2026-02-01T06:37:33.542Z] I0201 12:07:33.541814   20432 engine.go:205] [/emulator/v0-invoice-and-quotation-generator 5b16] ExecuteGraphqlRead IntrospectionQuery: succeeded. 
 {"metadata":{"emulator":{"name":"dataconnect"},"message":"I0201 12:07:33.541814   20432 engine.go:205] [/emulator/v0-invoice-and-quotation-generator 5b16] ExecuteGraphqlRead IntrospectionQuery: succeeded. \n"}}
